[2017-12-18 16:50:48]async req is:
GET /task.php HTTP/1.1\r\nHost: localhost\r\nAccept-Language: en-US\r\nAccept: */*\r\nAccept-Encoding: gzip, deflate\r\nCache-Control: no-cache\r\nConnection: Close\r\n\r\n
[2017-12-18 16:50:48]fsockopen result:
[2017-12-18 16:51:08]
[2017-12-18 16:52:03]async req is:
GET /task.php HTTP/1.1
Host: localhost
Accept-Language: en-US
Accept: */*
Accept-Encoding: gzip, deflate
Cache-Control: no-cache
Connection: Close


[2017-12-18 16:52:03]fsockopen result:
[2017-12-18 16:52:03]HTTP/1.1 400 Bad Request

[2017-12-18 16:52:03]Date: Mon, 18 Dec 2017 15:52:03 GMT

[2017-12-18 16:52:03]Server: Apache/2.4.29 (Unix) OpenSSL/1.0.2m PHP/5.6.32 mod_perl/2.0.8-dev Perl/v5.16.3

[2017-12-18 16:52:03]Vary: accept-language,accept-charset

[2017-12-18 16:52:03]Accept-Ranges: bytes

[2017-12-18 16:52:03]Connection: close

[2017-12-18 16:52:03]Content-Type: text/html; charset=utf-8

[2017-12-18 16:52:03]Content-Language: en

[2017-12-18 16:52:03]Expires: Mon, 18 Dec 2017 15:52:03 GMT

[2017-12-18 16:52:03]

[2017-12-18 16:52:03]<?xml version="1.0" encoding="UTF-8"?>

[2017-12-18 16:52:03]<!DOCTYPE html PUBLIC "-//W3C//DTD XHTML 1.0 Strict//EN"

[2017-12-18 16:52:03]  "http://www.w3.org/TR/xhtml1/DTD/xhtml1-strict.dtd">

[2017-12-18 16:52:03]<html xmlns="http://www.w3.org/1999/xhtml" lang="en" xml:lang="en">

[2017-12-18 16:52:03]<head>

[2017-12-18 16:52:03]<title>Bad request!</title>

[2017-12-18 16:52:03]<link rev="made" href="mailto:you@example.com" />

[2017-12-18 16:52:03]<style type="text/css"><!--/*--><![CDATA[/*><!--*/ 

[2017-12-18 16:52:03]    body { color: #000000; background-color: #FFFFFF; }

[2017-12-18 16:52:03]    a:link { color: #0000CC; }

[2017-12-18 16:52:03]    p, address {margin-left: 3em;}

[2017-12-18 16:52:03]    span {font-size: smaller;}

[2017-12-18 16:52:03]/*]]>*/--></style>

[2017-12-18 16:52:03]</head>

[2017-12-18 16:52:03]

[2017-12-18 16:52:03]<body>

[2017-12-18 16:52:03]<h1>Bad request!</h1>

[2017-12-18 16:52:03]<p>

[2017-12-18 16:52:03]

[2017-12-18 16:52:03]

[2017-12-18 16:52:03]    Your browser (or proxy) sent a request that

[2017-12-18 16:52:03]    this server could not understand.

[2017-12-18 16:52:03]

[2017-12-18 16:52:03]</p>

[2017-12-18 16:52:03]<p>

[2017-12-18 16:52:03]If you think this is a server error, please contact

[2017-12-18 16:52:03]the <a href="mailto:you@example.com">webmaster</a>.

[2017-12-18 16:52:03]

[2017-12-18 16:52:03]</p>

[2017-12-18 16:52:03]

[2017-12-18 16:52:03]<h2>Error 400</h2>

[2017-12-18 16:52:03]<address>

[2017-12-18 16:52:03]  <a href="/">localhost</a><br />

[2017-12-18 16:52:03]  <span>Apache/2.4.29 (Unix) OpenSSL/1.0.2m PHP/5.6.32 mod_perl/2.0.8-dev Perl/v5.16.3</span>

[2017-12-18 16:52:03]</address>

[2017-12-18 16:52:03]</body>

[2017-12-18 16:52:03]</html>

[2017-12-18 16:52:03]

[2017-12-18 16:53:02]async req is:
GET /task.php HTTP/1.1\rHost: localhost\rAccept-Language: en-US\rAccept: */*\rAccept-Encoding: gzip, deflate\rCache-Control: no-cache\rConnection: Close\r\r
[2017-12-18 16:53:02]fsockopen result:
[2017-12-18 16:53:22]
[2017-12-18 16:54:09]async req is:
GET /task.php HTTP/1.1
Host: localhost
Accept-Language: en-US
Accept: */*
Accept-Encoding: gzip, deflate
Cache-Control: no-cache
Connection: Close


[2017-12-18 16:54:09]fsockopen result:
[2017-12-18 16:54:09]HTTP/1.1 400 Bad Request

[2017-12-18 16:54:09]Date: Mon, 18 Dec 2017 15:54:09 GMT

[2017-12-18 16:54:09]Server: Apache/2.4.29 (Unix) OpenSSL/1.0.2m PHP/5.6.32 mod_perl/2.0.8-dev Perl/v5.16.3

[2017-12-18 16:54:09]Vary: accept-language,accept-charset

[2017-12-18 16:54:09]Accept-Ranges: bytes

[2017-12-18 16:54:09]Connection: close

[2017-12-18 16:54:09]Content-Type: text/html; charset=utf-8

[2017-12-18 16:54:09]Content-Language: en

[2017-12-18 16:54:09]Expires: Mon, 18 Dec 2017 15:54:09 GMT

[2017-12-18 16:54:09]

[2017-12-18 16:54:09]<?xml version="1.0" encoding="UTF-8"?>

[2017-12-18 16:54:09]<!DOCTYPE html PUBLIC "-//W3C//DTD XHTML 1.0 Strict//EN"

[2017-12-18 16:54:09]  "http://www.w3.org/TR/xhtml1/DTD/xhtml1-strict.dtd">

[2017-12-18 16:54:09]<html xmlns="http://www.w3.org/1999/xhtml" lang="en" xml:lang="en">

[2017-12-18 16:54:09]<head>

[2017-12-18 16:54:09]<title>Bad request!</title>

[2017-12-18 16:54:09]<link rev="made" href="mailto:you@example.com" />

[2017-12-18 16:54:09]<style type="text/css"><!--/*--><![CDATA[/*><!--*/ 

[2017-12-18 16:54:09]    body { color: #000000; background-color: #FFFFFF; }

[2017-12-18 16:54:09]    a:link { color: #0000CC; }

[2017-12-18 16:54:09]    p, address {margin-left: 3em;}

[2017-12-18 16:54:09]    span {font-size: smaller;}

[2017-12-18 16:54:09]/*]]>*/--></style>

[2017-12-18 16:54:09]</head>

[2017-12-18 16:54:09]

[2017-12-18 16:54:09]<body>

[2017-12-18 16:54:09]<h1>Bad request!</h1>

[2017-12-18 16:54:09]<p>

[2017-12-18 16:54:09]

[2017-12-18 16:54:09]

[2017-12-18 16:54:09]    Your browser (or proxy) sent a request that

[2017-12-18 16:54:09]    this server could not understand.

[2017-12-18 16:54:09]

[2017-12-18 16:54:09]</p>

[2017-12-18 16:54:09]<p>

[2017-12-18 16:54:09]If you think this is a server error, please contact

[2017-12-18 16:54:09]the <a href="mailto:you@example.com">webmaster</a>.

[2017-12-18 16:54:09]

[2017-12-18 16:54:09]</p>

[2017-12-18 16:54:09]

[2017-12-18 16:54:09]<h2>Error 400</h2>

[2017-12-18 16:54:09]<address>

[2017-12-18 16:54:09]  <a href="/">localhost</a><br />

[2017-12-18 16:54:09]  <span>Apache/2.4.29 (Unix) OpenSSL/1.0.2m PHP/5.6.32 mod_perl/2.0.8-dev Perl/v5.16.3</span>

[2017-12-18 16:54:09]</address>

[2017-12-18 16:54:09]</body>

[2017-12-18 16:54:09]</html>

[2017-12-18 16:54:09]

[2017-12-18 16:55:57]async req is:
GET /task.php HTTP/1.1
Host: localhost
Accept-Language: en-US
Accept: */*
Accept-Encoding: gzip, deflate
Cache-Control: no-cache
Connection: Close


[2017-12-18 16:55:57]fsockopen result:
[2017-12-18 16:55:57]do task...message:
[2017-12-18 16:55:57]HTTP/1.1 200 OK

[2017-12-18 16:55:57]Date: Mon, 18 Dec 2017 15:55:57 GMT

[2017-12-18 16:55:57]Server: Apache/2.4.29 (Unix) OpenSSL/1.0.2m PHP/5.6.32 mod_perl/2.0.8-dev Perl/v5.16.3

[2017-12-18 16:55:57]X-Powered-By: PHP/5.6.32

[2017-12-18 16:55:57]Content-Length: 7

[2017-12-18 16:55:57]Connection: close

[2017-12-18 16:55:57]Content-Type: text/html; charset=UTF-8

[2017-12-18 16:55:57]

[2017-12-18 16:55:57]do task
[2017-12-18 16:56:36]async req is:
GET /task.php HTTP/1.1
Host: localhost
Accept-Language: en-US
Accept: */*
Accept-Encoding: gzip, deflate
Cache-Control: no-cache
Connection: Close


[2017-12-18 16:56:36]fsockopen result:
[2017-12-18 16:56:36]HTTP/1.1 400 Bad Request

[2017-12-18 16:56:36]Date: Mon, 18 Dec 2017 15:56:36 GMT

[2017-12-18 16:56:36]Server: Apache/2.4.29 (Unix) OpenSSL/1.0.2m PHP/5.6.32 mod_perl/2.0.8-dev Perl/v5.16.3

[2017-12-18 16:56:36]Vary: accept-language,accept-charset

[2017-12-18 16:56:36]Accept-Ranges: bytes

[2017-12-18 16:56:36]Connection: close

[2017-12-18 16:56:36]Content-Type: text/html; charset=utf-8

[2017-12-18 16:56:36]Content-Language: en

[2017-12-18 16:56:36]Expires: Mon, 18 Dec 2017 15:56:36 GMT

[2017-12-18 16:56:36]

[2017-12-18 16:56:36]<?xml version="1.0" encoding="UTF-8"?>

[2017-12-18 16:56:36]<!DOCTYPE html PUBLIC "-//W3C//DTD XHTML 1.0 Strict//EN"

[2017-12-18 16:56:36]  "http://www.w3.org/TR/xhtml1/DTD/xhtml1-strict.dtd">

[2017-12-18 16:56:36]<html xmlns="http://www.w3.org/1999/xhtml" lang="en" xml:lang="en">

[2017-12-18 16:56:36]<head>

[2017-12-18 16:56:36]<title>Bad request!</title>

[2017-12-18 16:56:36]<link rev="made" href="mailto:you@example.com" />

[2017-12-18 16:56:36]<style type="text/css"><!--/*--><![CDATA[/*><!--*/ 

[2017-12-18 16:56:36]    body { color: #000000; background-color: #FFFFFF; }

[2017-12-18 16:56:36]    a:link { color: #0000CC; }

[2017-12-18 16:56:36]    p, address {margin-left: 3em;}

[2017-12-18 16:56:36]    span {font-size: smaller;}

[2017-12-18 16:56:36]/*]]>*/--></style>

[2017-12-18 16:56:36]</head>

[2017-12-18 16:56:36]

[2017-12-18 16:56:36]<body>

[2017-12-18 16:56:36]<h1>Bad request!</h1>

[2017-12-18 16:56:36]<p>

[2017-12-18 16:56:36]

[2017-12-18 16:56:36]

[2017-12-18 16:56:36]    Your browser (or proxy) sent a request that

[2017-12-18 16:56:36]    this server could not understand.

[2017-12-18 16:56:36]

[2017-12-18 16:56:36]</p>

[2017-12-18 16:56:36]<p>

[2017-12-18 16:56:36]If you think this is a server error, please contact

[2017-12-18 16:56:36]the <a href="mailto:you@example.com">webmaster</a>.

[2017-12-18 16:56:36]

[2017-12-18 16:56:36]</p>

[2017-12-18 16:56:36]

[2017-12-18 16:56:36]<h2>Error 400</h2>

[2017-12-18 16:56:36]<address>

[2017-12-18 16:56:36]  <a href="/">localhost</a><br />

[2017-12-18 16:56:36]  <span>Apache/2.4.29 (Unix) OpenSSL/1.0.2m PHP/5.6.32 mod_perl/2.0.8-dev Perl/v5.16.3</span>

[2017-12-18 16:56:36]</address>

[2017-12-18 16:56:36]</body>

[2017-12-18 16:56:36]</html>

[2017-12-18 16:56:36]

[2017-12-18 16:57:39]async req is:
GET /task.php HTTP/1.1\r\nHost: localhost\r\nAccept-Language: en-US\r\nAccept: */*\r\nAccept-Encoding: gzip, deflate\r\nCache-Control: no-cache\r\nConnection: Close\r\n\r\n
[2017-12-18 16:58:49]async req is:
GET /task.php HTTP/1.1
Host: localhost
Accept-Language: en-US
Accept: */*
Accept-Encoding: gzip, deflate
Cache-Control: no-cache
Connection: Close


[2017-12-18 16:58:49]do task...message:
[2017-12-18 17:01:33]async req is:
GET /task.php HTTP/1.1
Host: localhost
Accept-Language: en-US
Accept: */*
Accept-Encoding: gzip, deflate
Cache-Control: no-cache
Connection: Close


[2017-12-18 17:04:04]async req is:
GET /task.php HTTP/1.1

Host: localhost

User-Agent: Mozilla/4.0 (compatible; MSIE5.01; Windows NT)
s
Accept-Language: en-US
Accept: */*
Accept-Encoding: gzip, deflate
Cache-Control: no-cache
Connection: Close
[2017-12-18 17:04:27]async req is:
GET /task.php HTTP/1.1

Host: localhost

User-Agent: Mozilla/4.0 (compatible; MSIE5.01; Windows NT)
s
Accept-Language: en-US
Accept: */*
Accept-Encoding: gzip, deflate
Cache-Control: no-cache
Connection: Close
[2017-12-18 17:04:27]fsockopen result:
[2017-12-18 17:04:27]HTTP/1.1 400 Bad Request

[2017-12-18 17:04:27]Date: Mon, 18 Dec 2017 16:04:27 GMT

[2017-12-18 17:04:27]Server: Apache/2.4.29 (Unix) OpenSSL/1.0.2m PHP/5.6.32 mod_perl/2.0.8-dev Perl/v5.16.3

[2017-12-18 17:04:27]Content-Length: 226

[2017-12-18 17:04:27]Connection: close

[2017-12-18 17:04:27]Content-Type: text/html; charset=iso-8859-1

[2017-12-18 17:04:27]

[2017-12-18 17:04:27]<!DOCTYPE HTML PUBLIC "-//IETF//DTD HTML 2.0//EN">

[2017-12-18 17:04:27]<html><head>

[2017-12-18 17:04:27]<title>400 Bad Request</title>

[2017-12-18 17:04:27]</head><body>

[2017-12-18 17:04:27]<h1>Bad Request</h1>

[2017-12-18 17:04:27]<p>Your browser sent a request that this server could not understand.<br />

[2017-12-18 17:04:27]</p>

[2017-12-18 17:04:27]</body></html>

[2017-12-18 17:04:57]async req is:
GET /task.php HTTP/1.1
Host: localhost
User-Agent: Mozilla/4.0 (compatible; MSIE5.01; Windows NT)
Accept-Language: en-US
Accept: */*
Accept-Encoding: gzip, deflate
Cache-Control: no-cache
Connection: Close
[2017-12-18 17:04:57]fsockopen result:
[2017-12-18 17:04:57]HTTP/1.1 400 Bad Request

[2017-12-18 17:04:57]Date: Mon, 18 Dec 2017 16:04:57 GMT

[2017-12-18 17:04:57]Server: Apache/2.4.29 (Unix) OpenSSL/1.0.2m PHP/5.6.32 mod_perl/2.0.8-dev Perl/v5.16.3

[2017-12-18 17:04:57]Vary: accept-language,accept-charset

[2017-12-18 17:04:57]Accept-Ranges: bytes

[2017-12-18 17:04:57]Connection: close

[2017-12-18 17:04:57]Content-Type: text/html; charset=utf-8

[2017-12-18 17:04:57]Content-Language: en

[2017-12-18 17:04:57]Expires: Mon, 18 Dec 2017 16:04:57 GMT

[2017-12-18 17:04:57]

[2017-12-18 17:04:57]<?xml version="1.0" encoding="UTF-8"?>

[2017-12-18 17:04:57]<!DOCTYPE html PUBLIC "-//W3C//DTD XHTML 1.0 Strict//EN"

[2017-12-18 17:04:57]  "http://www.w3.org/TR/xhtml1/DTD/xhtml1-strict.dtd">

[2017-12-18 17:04:57]<html xmlns="http://www.w3.org/1999/xhtml" lang="en" xml:lang="en">

[2017-12-18 17:04:57]<head>

[2017-12-18 17:04:57]<title>Bad request!</title>

[2017-12-18 17:04:57]<link rev="made" href="mailto:you@example.com" />

[2017-12-18 17:04:57]<style type="text/css"><!--/*--><![CDATA[/*><!--*/ 

[2017-12-18 17:04:57]    body { color: #000000; background-color: #FFFFFF; }

[2017-12-18 17:04:57]    a:link { color: #0000CC; }

[2017-12-18 17:04:57]    p, address {margin-left: 3em;}

[2017-12-18 17:04:57]    span {font-size: smaller;}

[2017-12-18 17:04:57]/*]]>*/--></style>

[2017-12-18 17:04:57]</head>

[2017-12-18 17:04:57]

[2017-12-18 17:04:57]<body>

[2017-12-18 17:04:57]<h1>Bad request!</h1>

[2017-12-18 17:04:57]<p>

[2017-12-18 17:04:57]

[2017-12-18 17:04:57]

[2017-12-18 17:04:57]    Your browser (or proxy) sent a request that

[2017-12-18 17:04:57]    this server could not understand.

[2017-12-18 17:04:57]

[2017-12-18 17:04:57]</p>

[2017-12-18 17:04:57]<p>

[2017-12-18 17:04:57]If you think this is a server error, please contact

[2017-12-18 17:04:57]the <a href="mailto:you@example.com">webmaster</a>.

[2017-12-18 17:04:57]

[2017-12-18 17:04:57]</p>

[2017-12-18 17:04:57]

[2017-12-18 17:04:57]<h2>Error 400</h2>

[2017-12-18 17:04:57]<address>

[2017-12-18 17:04:57]  <a href="/">localhost</a><br />

[2017-12-18 17:04:57]  <span>Apache/2.4.29 (Unix) OpenSSL/1.0.2m PHP/5.6.32 mod_perl/2.0.8-dev Perl/v5.16.3</span>

[2017-12-18 17:04:57]</address>

[2017-12-18 17:04:57]</body>

[2017-12-18 17:04:57]</html>

[2017-12-18 17:04:57]

[2017-12-18 17:15:29]async req is:
POST /task.php HTTP/1.1
Host: localhost
Content-Type: application/json; charset=UTF-8
Content-Length: 142
Accept: */*
Accept-Language: zh-CN
Accept-Encoding: gzip, deflate
Cache-Control: no-cache
Connection: Close
{"mobile":"15222820651","department":"IT","email":"zhangxinglong55@mailinator.com","password":"111111","from":"0","uid":"1000377","oid":"264"}
[2017-12-18 17:15:29]fsockopen result:
[2017-12-18 17:15:50]HTTP/1.1 408 Request Timeout

[2017-12-18 17:15:50]Date: Mon, 18 Dec 2017 16:15:29 GMT

[2017-12-18 17:15:50]Server: Apache/2.4.29 (Unix) OpenSSL/1.0.2m PHP/5.6.32 mod_perl/2.0.8-dev Perl/v5.16.3

[2017-12-18 17:15:50]Content-Length: 221

[2017-12-18 17:15:50]Connection: close

[2017-12-18 17:15:50]Content-Type: text/html; charset=iso-8859-1

[2017-12-18 17:15:50]

[2017-12-18 17:15:50]<!DOCTYPE HTML PUBLIC "-//IETF//DTD HTML 2.0//EN">

[2017-12-18 17:15:50]<html><head>

[2017-12-18 17:15:50]<title>408 Request Timeout</title>

[2017-12-18 17:15:50]</head><body>

[2017-12-18 17:15:50]<h1>Request Timeout</h1>

[2017-12-18 17:15:50]<p>Server timeout waiting for the HTTP request from the client.</p>

[2017-12-18 17:15:50]</body></html>

[2017-12-18 17:16:18]async req is:
POST /task.php HTTP/1.1
Host: localhost
Content-Type: application/json; charset=UTF-8
Content-Length: 142
Accept: */*
Accept-Language: zh-CN
Accept-Encoding: gzip, deflate
Cache-Control: no-cache
Connection: Close
{"mobile":"15222820651","department":"IT","email":"zhangxinglong55@mailinator.com","password":"111111","from":"0","uid":"1000377","oid":"264"}
[2017-12-18 17:16:18]fsockopen result:
[2017-12-18 17:16:39]HTTP/1.1 408 Request Timeout

[2017-12-18 17:16:39]Date: Mon, 18 Dec 2017 16:16:18 GMT

[2017-12-18 17:16:39]Server: Apache/2.4.29 (Unix) OpenSSL/1.0.2m PHP/5.6.32 mod_perl/2.0.8-dev Perl/v5.16.3

[2017-12-18 17:16:39]Content-Length: 221

[2017-12-18 17:16:39]Connection: close

[2017-12-18 17:16:39]Content-Type: text/html; charset=iso-8859-1

[2017-12-18 17:16:39]

[2017-12-18 17:16:39]<!DOCTYPE HTML PUBLIC "-//IETF//DTD HTML 2.0//EN">

[2017-12-18 17:16:39]<html><head>

[2017-12-18 17:16:39]<title>408 Request Timeout</title>

[2017-12-18 17:16:39]</head><body>

[2017-12-18 17:16:39]<h1>Request Timeout</h1>

[2017-12-18 17:16:39]<p>Server timeout waiting for the HTTP request from the client.</p>

[2017-12-18 17:16:39]</body></html>

[2017-12-18 17:17:38]async req is:
POST /task.php HTTP/1.1
Host: localhost
Content-Type: application/json; charset=UTF-8
Content-Length: 142
Accept: */*
Accept-Language: zh-CN
Accept-Encoding: gzip, deflate
Cache-Control: no-cache
Connection: Close

{"mobile":"15222820651","department":"IT","email":"zhangxinglong55@mailinator.com","password":"111111","from":"0","uid":"1000377","oid":"264"}
[2017-12-18 17:17:38]fsockopen result:
[2017-12-18 17:17:38]do task...message:{"mobile":"15222820651","department":"IT","email":"zhangxinglong55@mailinator.com","password":"111111","from":"0","uid":"1000377","oid":"264"}
[2017-12-18 17:17:38]HTTP/1.1 200 OK

[2017-12-18 17:17:38]Date: Mon, 18 Dec 2017 16:17:38 GMT

[2017-12-18 17:17:38]Server: Apache/2.4.29 (Unix) OpenSSL/1.0.2m PHP/5.6.32 mod_perl/2.0.8-dev Perl/v5.16.3

[2017-12-18 17:17:38]X-Powered-By: PHP/5.6.32

[2017-12-18 17:17:38]Content-Length: 7

[2017-12-18 17:17:38]Connection: close

[2017-12-18 17:17:38]Content-Type: text/html; charset=UTF-8

[2017-12-18 17:17:38]

[2017-12-18 17:17:38]do task
[2017-12-18 17:23:51]async req is:
POST /task.php HTTP/1.1
Host: localhost
Content-Type: application/json; charset=UTF-8
Content-Length: 173
Accept: */*
Accept-Language: zh-CN
Accept-Encoding: gzip, deflate
Cache-Control: no-cache
Connection: Close

{"mobile":"15222820651","company":"\u6d4b\u8bd5\u4f01\u4e1a","department":"IT","email":"zhangxinglong55@mailinator.com","password":"111111","from":0,"uid":1000377,"oid":264}
[2017-12-18 17:23:51]do task...message:{"mobile":"15222820651","company":"\u6d4b\u8bd5\u4f01\u4e1a","department":"IT","email":"zhangxinglong55@mailinator.com","password":"111111","from":0,"uid":1000377,"oid":264}
